2024-03-14 11:53:41,436 - Handling request for user user123: {credit_card_number: '1234-5678-9012-3456', operation: 'purchase'}
2024-03-14 11:53:41,437 - Checking user permissions
2024-03-14 11:53:41,437 - User permissions verified
2024-03-14 11:53:41,437 - Processing request data
2024-03-14 11:53:41,437 - Request data processed
2024-03-14 11:53:41,437 - Operation result for user user123: Operation successful
2024-03-14 11:53:41,437 - Handling request for user user456: {operation: 'check_balance'}
2024-03-14 11:53:41,437 - Checking user permissions
2024-03-14 11:53:41,437 - User permissions verified
2024-03-14 11:53:41,437 - Processing request data
2024-03-14 11:53:41,437 - Request data processed
2024-03-14 11:53:41,437 - Operation result for user user456: Operation successful
2024-03-14 11:53:46,645 - Handling request for user user123: {credit_card_number: '1234-5678-9012-3456', operation: 'purchase'}
2024-03-14 11:53:46,645 - Checking user permissions
2024-03-14 11:53:46,645 - User permissions verified
2024-03-14 11:53:46,645 - Processing request data
2024-03-14 11:53:46,645 - Request data processed
2024-03-14 11:53:46,645 - Operation result for user user123: Operation successful
2024-03-14 11:53:46,645 - Handling request for user user456: {operation: 'check_balance'}
2024-03-14 11:53:46,645 - Checking user permissions
2024-03-14 11:53:46,645 - User permissions verified
2024-03-14 11:53:46,645 - Processing request data
2024-03-14 11:53:46,645 - Request data processed
2024-03-14 11:53:46,646 - Operation result for user user456: Operation successful
2024-03-14 12:06:45,257 - Handling request for user user123: {credit_card_number: '1234-5678-9012-3456', operation: 'purchase'}
2024-03-14 12:06:45,257 - Checking user permissions
2024-03-14 12:06:45,257 - User permissions verified
2024-03-14 12:06:45,257 - Processing request data
2024-03-14 12:06:45,257 - Request data processed
2024-03-14 12:06:45,257 - Operation result for user user123: Operation successful
2024-03-14 12:06:45,257 - Handling request for user user456: {operation: 'check_balance'}
2024-03-14 12:06:45,257 - Checking user permissions
2024-03-14 12:06:45,257 - User permissions verified
2024-03-14 12:06:45,257 - Processing request data
2024-03-14 12:06:45,257 - Request data processed
2024-03-14 12:06:45,257 - Operation result for user user456: Operation successful
